
Showing logs for build [32mdove-young-golang-http-0927-mas-1[0m stage [32mmeta-pipeline[0m and container [32mstep-credential-initializer-f8mks[0m
{"level":"warn","ts":1569562241.2049859,"logger":"fallback-logger","caller":"logging/config.go:69","msg":"Fetch GitHub commit ID from kodata failed: \"ref: refs/heads/master\" is not a valid GitHub commit ID"}
{"level":"info","ts":1569562241.2060237,"logger":"fallback-logger","caller":"creds-init/main.go:40","msg":"Credentials initialized."}

Showing logs for build [32mdove-young-golang-http-0927-mas-1[0m stage [32mmeta-pipeline[0m and container [32mstep-working-dir-initializer-lpvhj[0m
{"level":"warn","ts":1569562241.9327412,"logger":"fallback-logger","caller":"logging/config.go:69","msg":"Fetch GitHub commit ID from kodata failed: open /var/run/ko/HEAD: no such file or directory"}
{"level":"info","ts":1569562241.9359393,"logger":"fallback-logger","caller":"bash/main.go:65","msg":"Successfully executed command \"mkdir -p /workspace/source\""}

Showing logs for build [32mdove-young-golang-http-0927-mas-1[0m stage [32mmeta-pipeline[0m and container [32mstep-place-tools[0m

Showing logs for build [32mdove-young-golang-http-0927-mas-1[0m stage [32mmeta-pipeline[0m and container [32mstep-git-source-meta-dove-young-golang-http-092-bgnbn[0m
{"level":"warn","ts":1569562249.1260297,"logger":"fallback-logger","caller":"logging/config.go:69","msg":"Fetch GitHub commit ID from kodata failed: \"ref: refs/heads/master\" is not a valid GitHub commit ID"}
{"level":"info","ts":1569562249.47548,"logger":"fallback-logger","caller":"git/git.go:102","msg":"Successfully cloned https://github.com/**********/golang-http-0927.git @ a1ec44b9f7f77aeadce9d9a8c2455416ef2e2643 in path /workspace/source"}

Showing logs for build [32mdove-young-golang-http-0927-mas-1[0m stage [32mmeta-pipeline[0m and container [32mstep-git-merge[0m
Using SHAs from PULL_REFS=master:a1ec44b9f7f77aeadce9d9a8c2455416ef2e2643
WARNING: no SHAs to merge, falling back to initial cloned commit

Showing logs for build [32mdove-young-golang-http-0927-mas-1[0m stage [32mmeta-pipeline[0m and container [32mstep-merge-pull-refs[0m
SKIP merge-pull-refs: Nothing to merge

Showing logs for build [32mdove-young-golang-http-0927-mas-1[0m stage [32mmeta-pipeline[0m and container [32mstep-create-effective-pipeline[0m
Deleting and cloning the Jenkins X versions repo
Cloning the Jenkins X versions repo https://github.com/**********/jenkins-x-versions.git with ref refs/heads/master to /builder/home/.**/jenkins-x-versions
Effective pipeline written to jenkins-x-effective.yml

Showing logs for build [32mdove-young-golang-http-0927-mas-1[0m stage [32mmeta-pipeline[0m and container [32mstep-create-tekton-crds[0m
running command: echo \$(**-release-version) > VERSION

running command: ** step tag --version \$(cat VERSION)
Updating chart version in charts/golang-http-0927/Chart.yaml to 0.0.1
Updating repository in charts/golang-http-0927/values.yaml to mycluster.icp:8500/**/**********/golang-http-0927
Updating tag in charts/golang-http-0927/values.yaml to 0.0.1
Tag v0.0.1 created and pushed to remote origin

WARNING: failed to find secret kaniko-secret in namespace **: secrets "kaniko-secret" not found
PipelineActivity for **********-golang-http-0927-master-1
Applying changes 
upserted PipelineResource **********-golang-http-0927-mas for the git repository https://github.com/**********/golang-http-0927.git
upserted Task **********-golang-http-0927-mas-from-build-pack-1
upserted Pipeline **********-golang-http-0927-mas-1
created PipelineRun **********-golang-http-0927-mas-1
created PipelineStructure **********-golang-http-0927-mas-1

Showing logs for build [32mdove-young-golang-http-0927-mas-1[0m stage [32mfrom-build-pack[0m and container [32mstep-credential-initializer-rgl69[0m
{"level":"warn","ts":1569562260.6659534,"logger":"fallback-logger","caller":"logging/config.go:69","msg":"Fetch GitHub commit ID from kodata failed: \"ref: refs/heads/master\" is not a valid GitHub commit ID"}
{"level":"info","ts":1569562260.6672564,"logger":"fallback-logger","caller":"creds-init/main.go:40","msg":"Credentials initialized."}

Showing logs for build [32mdove-young-golang-http-0927-mas-1[0m stage [32mfrom-build-pack[0m and container [32mstep-working-dir-initializer-qnrwb[0m
{"level":"warn","ts":1569562261.3527505,"logger":"fallback-logger","caller":"logging/config.go:69","msg":"Fetch GitHub commit ID from kodata failed: open /var/run/ko/HEAD: no such file or directory"}
{"level":"info","ts":1569562261.3569205,"logger":"fallback-logger","caller":"bash/main.go:65","msg":"Successfully executed command \"mkdir -p /workspace/source /workspace/source/charts/golang-http-0927\""}

Showing logs for build [32mdove-young-golang-http-0927-mas-1[0m stage [32mfrom-build-pack[0m and container [32mstep-place-tools[0m

Showing logs for build [32mdove-young-golang-http-0927-mas-1[0m stage [32mfrom-build-pack[0m and container [32mstep-git-source-dove-young-golang-http-0927-mas-pzwq8[0m
{"level":"warn","ts":1569562270.5197482,"logger":"fallback-logger","caller":"logging/config.go:69","msg":"Fetch GitHub commit ID from kodata failed: \"ref: refs/heads/master\" is not a valid GitHub commit ID"}
{"level":"info","ts":1569562270.8895032,"logger":"fallback-logger","caller":"git/git.go:102","msg":"Successfully cloned https://github.com/**********/golang-http-0927.git @ v0.0.1 in path /workspace/source"}

Showing logs for build [32mdove-young-golang-http-0927-mas-1[0m stage [32mfrom-build-pack[0m and container [32mstep-git-merge[0m
Using SHAs from PULL_REFS=master:a1ec44b9f7f77aeadce9d9a8c2455416ef2e2643
WARNING: no SHAs to merge, falling back to initial cloned commit

Showing logs for build [32mdove-young-golang-http-0927-mas-1[0m stage [32mfrom-build-pack[0m and container [32mstep-setup-jx-git-credentials[0m
Generated Git credentials file /workspace/xdg_config/git/credentials

Showing logs for build [32mdove-young-golang-http-0927-mas-1[0m stage [32mfrom-build-pack[0m and container [32mstep-build-make-build[0m
CGO_ENABLED=0 GO15VENDOREXPERIMENT=1 go build -ldflags '' -o bin/golang-http-0927 main.go

Showing logs for build [32mdove-young-golang-http-0927-mas-1[0m stage [32mfrom-build-pack[0m and container [32mstep-build-container-build[0m
[36mINFO[0m[0000] No base image, nothing to extract            
[36mINFO[0m[0000] cmd: EXPOSE                                  
[36mINFO[0m[0000] Adding exposed port: 8080/tcp                
[36mINFO[0m[0000] Using files from context: [/workspace/source/bin] 
[36mINFO[0m[0000] Skipping unpacking as no commands require it. 
[36mINFO[0m[0000] Taking snapshot of full filesystem...        
[36mINFO[0m[0000] EXPOSE 8080                                  
[36mINFO[0m[0000] cmd: EXPOSE                                  
[36mINFO[0m[0000] Adding exposed port: 8080/tcp                
[36mINFO[0m[0000] No files changed in this command, skipping snapshotting. 
[36mINFO[0m[0000] ENTRYPOINT ["/golang-http-0927"]             
[36mINFO[0m[0000] No files changed in this command, skipping snapshotting. 
[36mINFO[0m[0000] Using files from context: [/workspace/source/bin] 
[36mINFO[0m[0000] COPY ./bin/ /                                
[36mINFO[0m[0000] Taking snapshot of files...                  
error pushing image: failed to push to destination mycluster.icp:8500/**/**********/golang-http-0927:0.0.1: Get https://mycluster.icp:8500/v2/: x509: certificate signed by unknown authority
[31m
Pipeline failed on stage 'from-build-pack' : container 'step-build-container-build'. The execution of the pipeline has stopped.[0m
